<?xml version="1.0" encoding="UTF-8"?>
<testsuite xmlns:xsi="http://www.w3.org/2001/XMLSchema-instance" xsi:noNamespaceSchemaLocation="https://maven.apache.org/surefire/maven-surefire-plugin/xsd/surefire-test-report.xsd" name="uvsq21921358.JDBCTest" time="2.089" tests="3" errors="0" skipped="0" failures="0">
  <properties>
[...]
</properties>
  <testcase name="createConnexion" classname="uvsq21921358.JDBCTest" time="0.197"/>
  <testcase name="dropTable" classname="uvsq21921358.JDBCTest" time="1.43"/>
  <testcase name="createTable" classname="uvsq21921358.JDBCTest" time="0.361"/>
</testsuite>